<?xml version="1.0" encoding="UTF-8"?>
<!-- Generated by org.testng.reporters.JUnitXMLReporter -->
<testsuite hostname="KalpeshT-W10" ignored="0" name="RunningOnChrome" tests="10" failures="0" timestamp="22 Nov 2018 13:54:24 GMT" time="102.758" errors="0">
  <testcase name="mnSetting_Add" time="22.304" classname="AER.FMDP_Automation.tests.settings.mnSettings.MNSettingsTests"/>
  <testcase name="login_Failure" time="23.186" classname="AER.FMDP_Automation.tests.login.LoginTests"/>
  <testcase name="generalSetting_Add" time="26.689" classname="AER.FMDP_Automation.tests.settings.generalSettings.GeneralSettingsTests"/>
  <testcase name="user_Add" time="30.282" classname="AER.FMDP_Automation.tests.user.UserTests"/>
  <testcase name="mnSetting_Update" time="17.577" classname="AER.FMDP_Automation.tests.settings.mnSettings.MNSettingsTests"/>
  <testcase name="generalSetting_Update" time="25.589" classname="AER.FMDP_Automation.tests.settings.generalSettings.GeneralSettingsTests"/>
  <testcase name="user_Update" time="26.87" classname="AER.FMDP_Automation.tests.user.UserTests"/>
  <testcase name="login_ChangePassword" time="39.258" classname="AER.FMDP_Automation.tests.login.LoginTests"/>
  <testcase name="user_Inactive" time="5.22" classname="AER.FMDP_Automation.tests.user.UserTests"/>
  <testcase name="user_Delete" time="7.899" classname="AER.FMDP_Automation.tests.user.UserTests"/>
</testsuite> <!-- RunningOnChrome -->
