<?xml version="1.0" encoding="UTF-8"?>
<!-- Generated by org.testng.reporters.JUnitXMLReporter -->
<testsuite hostname="KalpeshT-W10" ignored="0" name="RunningOnChrome" tests="6" failures="0" timestamp="12 Nov 2018 14:38:39 GMT" time="75.484" errors="0">
  <testcase name="login_Failure" time="13.495" classname="AER.FMDP_Automation.tests.login.LoginTests"/>
  <testcase name="generalSetting_Add" time="15.833" classname="AER.FMDP_Automation.tests.settings.generalSettings.GeneralSettingsTests"/>
  <testcase name="mnSetting_Add" time="24.592" classname="AER.FMDP_Automation.tests.settings.mnSettings.MNSettingsTests"/>
  <testcase name="generalSetting_Update" time="13.762" classname="AER.FMDP_Automation.tests.settings.generalSettings.GeneralSettingsTests"/>
  <testcase name="mnSetting_Update" time="17.82" classname="AER.FMDP_Automation.tests.settings.mnSettings.MNSettingsTests"/>
  <testcase name="login_ChangePassword" time="36.768" classname="AER.FMDP_Automation.tests.login.LoginTests"/>
</testsuite> <!-- RunningOnChrome -->
