<?xml version="1.0" encoding="UTF-8"?>
<testng-results skipped="0" failed="0" ignored="0" total="2" passed="2">
  <reporter-output>
    <line>
      <![CDATA[Step 1 = Login to application at : http://172.25.50.64/account/login.aspx and loging in with correct credentails]]>
    </line>
    <line>
      <![CDATA[Step 2 = Opening Menu & Navigating to User Management]]>
    </line>
    <line>
      <![CDATA[Step 3 = On Create New User Details page, adding details, click on Save button]]>
    </line>
    <line>
      <![CDATA[Step 4 = Searching for added general settings details and verifying that it has correct details]]>
    </line>
    <line>
      <![CDATA[Step 1 = Editing added generate settings details]]>
    </line>
    <line>
      <![CDATA[Step 2 = Searching for edited general settings details and verifying that it has correct]]>
    </line>
  </reporter-output>
  <suite name="Default suite" duration-ms="29055" started-at="2018-11-15T14:01:23Z" finished-at="2018-11-15T14:01:52Z">
    <groups>
    </groups>
    <test name="Default test" duration-ms="29055" started-at="2018-11-15T14:01:23Z" finished-at="2018-11-15T14:01:52Z">
      <class name="AER.FMDP_Automation.tests.user.UserManagementTests">
        <test-method status="PASS" signature="setUp(java.lang.String, java.lang.String)[pri:0, instance:AER.FMDP_Automation.tests.user.UserManagementTests@5622fdf]" name="setUp" is-config="true" duration-ms="7845" started-at="2018-11-15T14:01:23Z" finished-at="2018-11-15T14:01:30Z">
          <params>
            <param index="0">
              <value>
                <![CDATA[local]]>
              </value>
            </param>
            <param index="1">
              <value>
                <![CDATA[chrome]]>
              </value>
            </param>
          </params>
          <reporter-output>
          </reporter-output>
        </test-method> <!-- setUp -->
        <test-method status="PASS" signature="beforeMethod()[pri:0, instance:AER.FMDP_Automation.tests.user.UserManagementTests@5622fdf]" name="beforeMethod" is-config="true" duration-ms="11" started-at="2018-11-15T14:01:30Z" finished-at="2018-11-15T14:01:30Z">
          <reporter-output>
          </reporter-output>
        </test-method> <!-- beforeMethod -->
        <test-method status="PASS" signature="user_Add()[pri:1, instance:AER.FMDP_Automation.tests.user.UserManagementTests@5622fdf]" name="user_Add" duration-ms="9007" started-at="2018-11-15T14:01:30Z" finished-at="2018-11-15T14:01:39Z">
          <reporter-output>
            <line>
              <![CDATA[Step 1 = Login to application at : http://172.25.50.64/account/login.aspx and loging in with correct credentails]]>
            </line>
            <line>
              <![CDATA[Step 2 = Opening Menu & Navigating to User Management]]>
            </line>
            <line>
              <![CDATA[Step 3 = On Create New User Details page, adding details, click on Save button]]>
            </line>
            <line>
              <![CDATA[Step 4 = Searching for added general settings details and verifying that it has correct details]]>
            </line>
          </reporter-output>
        </test-method> <!-- user_Add -->
        <test-method status="PASS" signature="beforeMethod()[pri:0, instance:AER.FMDP_Automation.tests.user.UserManagementTests@5622fdf]" name="beforeMethod" is-config="true" duration-ms="0" started-at="2018-11-15T14:01:39Z" finished-at="2018-11-15T14:01:39Z">
          <reporter-output>
          </reporter-output>
        </test-method> <!-- beforeMethod -->
        <test-method status="PASS" signature="user_Update()[pri:2, instance:AER.FMDP_Automation.tests.user.UserManagementTests@5622fdf]" name="user_Update" duration-ms="11336" started-at="2018-11-15T14:01:39Z" depends-on-methods="AER.FMDP_Automation.tests.user.UserManagementTests.user_Add" finished-at="2018-11-15T14:01:51Z">
          <reporter-output>
            <line>
              <![CDATA[Step 1 = Editing added generate settings details]]>
            </line>
            <line>
              <![CDATA[Step 2 = Searching for edited general settings details and verifying that it has correct]]>
            </line>
          </reporter-output>
        </test-method> <!-- user_Update -->
        <test-method status="PASS" signature="tearDown()[pri:0, instance:AER.FMDP_Automation.tests.user.UserManagementTests@5622fdf]" name="tearDown" is-config="true" duration-ms="783" started-at="2018-11-15T14:01:51Z" finished-at="2018-11-15T14:01:52Z">
          <reporter-output>
          </reporter-output>
        </test-method> <!-- tearDown -->
      </class> <!-- AER.FMDP_Automation.tests.user.UserManagementTests -->
    </test> <!-- Default test -->
  </suite> <!-- Default suite -->
</testng-results>
