<?xml version="1.0" encoding="UTF-8"?>
<!-- Generated by org.testng.reporters.JUnitXMLReporter -->
<testsuite hostname="KalpeshT-W10" ignored="0" name="Default test" tests="4" failures="0" timestamp="22 Feb 2019 12:17:48 GMT" time="42.604" errors="0">
  <testcase name="recipient_Add" time="10.861" classname="AER.FMDP_Automation.tests.recipient.RecipientTests"/>
  <testcase name="recipient_Update" time="12.92" classname="AER.FMDP_Automation.tests.recipient.RecipientTests"/>
  <testcase name="recipient_Inactive" time="6.056" classname="AER.FMDP_Automation.tests.recipient.RecipientTests"/>
  <testcase name="recipient_Delete" time="4.101" classname="AER.FMDP_Automation.tests.recipient.RecipientTests"/>
</testsuite> <!-- Default test -->
