<?xml version="1.0" encoding="UTF-8"?>
<!-- Generated by org.testng.reporters.JUnitXMLReporter -->
<testsuite hostname="KalpeshT-W10" ignored="0" name="Default test" tests="4" failures="0" timestamp="09 Jan 2020 08:16:56 GMT" time="96.48" errors="0">
  <testcase name="user_Add" time="12.53" classname="AER.FMDP_Automation.tests.user.UserTests2"/>
  <testcase name="user_Update" time="12.008" classname="AER.FMDP_Automation.tests.user.UserTests2"/>
  <testcase name="user_Inactive" time="47.102" classname="AER.FMDP_Automation.tests.user.UserTests2"/>
  <testcase name="user_Delete" time="9.098" classname="AER.FMDP_Automation.tests.user.UserTests2"/>
</testsuite> <!-- Default test -->
