<?xml version="1.0" encoding="UTF-8"?>
<!-- Generated by org.testng.reporters.JUnitXMLReporter -->
<testsuite hostname="KalpeshT-W10" ignored="0" name="RunningOnChrome" tests="23" failures="0" timestamp="09 Jan 2020 08:14:56 GMT" time="268.112" errors="0">
  <testcase name="login_Failure" time="9.394" classname="AER.FMDP_Automation.tests.login.LoginTests"/>
  <testcase name="generalSetting_Add" time="34.203" classname="AER.FMDP_Automation.tests.settings.generalSettings.GeneralSettingsTests"/>
  <testcase name="generalSetting_Add" time="36.805" classname="AER.FMDP_Automation.tests.settings.generalSettings.GeneralSettingsTests2"/>
  <testcase name="mnSetting_Add" time="38.894" classname="AER.FMDP_Automation.tests.settings.mnSettings.MNSettingsTests"/>
  <testcase name="mnSetting_Add" time="40.069" classname="AER.FMDP_Automation.tests.settings.mnSettings.MNSettingsTests2"/>
  <testcase name="user_Add" time="25.741" classname="AER.FMDP_Automation.tests.user.UserTests"/>
  <testcase name="recipient_Add" time="29.786" classname="AER.FMDP_Automation.tests.recipient.RecipientTests"/>
  <testcase name="supplier_Add" time="29.561" classname="AER.FMDP_Automation.tests.supplier.SupplierTests"/>
  <testcase name="generalSetting_Update" time="22.306" classname="AER.FMDP_Automation.tests.settings.generalSettings.GeneralSettingsTests"/>
  <testcase name="generalSetting_Update" time="22.875" classname="AER.FMDP_Automation.tests.settings.generalSettings.GeneralSettingsTests2"/>
  <testcase name="mnSetting_Update" time="23.259" classname="AER.FMDP_Automation.tests.settings.mnSettings.MNSettingsTests"/>
  <testcase name="login_ChangePassword" time="33.459" classname="AER.FMDP_Automation.tests.login.LoginTests"/>
  <testcase name="mnSetting_Update" time="17.936" classname="AER.FMDP_Automation.tests.settings.mnSettings.MNSettingsTests2"/>
  <testcase name="user_Update" time="23.937" classname="AER.FMDP_Automation.tests.user.UserTests"/>
  <testcase name="recipient_Update" time="25.228" classname="AER.FMDP_Automation.tests.recipient.RecipientTests"/>
  <testcase name="supplier_Update" time="18.242" classname="AER.FMDP_Automation.tests.supplier.SupplierTests"/>
  <testcase name="supplier_Copy" time="15.91" classname="AER.FMDP_Automation.tests.supplier.SupplierTests"/>
  <testcase name="user_Inactive" time="52.981" classname="AER.FMDP_Automation.tests.user.UserTests"/>
  <testcase name="recipient_Inactive" time="54.651" classname="AER.FMDP_Automation.tests.recipient.RecipientTests"/>
  <testcase name="recipient_Delete" time="8.149" classname="AER.FMDP_Automation.tests.recipient.RecipientTests"/>
  <testcase name="user_Delete" time="11.642" classname="AER.FMDP_Automation.tests.user.UserTests"/>
  <testcase name="supplier_Inactive" time="50.264" classname="AER.FMDP_Automation.tests.supplier.SupplierTests"/>
  <testcase name="supplier_Delete" time="4.356" classname="AER.FMDP_Automation.tests.supplier.SupplierTests"/>
</testsuite> <!-- RunningOnChrome -->
