<?xml version="1.0" encoding="UTF-8"?>
<!-- Generated by org.testng.reporters.JUnitReportReporter -->
<testsuite skipped="0" hostname="KalpeshT-W10" name="AER.FMDP_Automation.tests.user.UserManagementTests" tests="2" failures="0" timestamp="15 Nov 2018 14:01:52 GMT" time="20.354" errors="0">
  <testcase name="user_Add" time="9.007" classname="AER.FMDP_Automation.tests.user.UserManagementTests"/>
  <testcase name="user_Update" time="11.347" classname="AER.FMDP_Automation.tests.user.UserManagementTests"/>
</testsuite> <!-- AER.FMDP_Automation.tests.user.UserManagementTests -->
