<?xml version="1.0" encoding="UTF-8"?>
<testng-results skipped="0" failed="0" ignored="0" total="2" passed="2">
  <reporter-output>
    <line>
      <![CDATA[Step 1 = Login to application at : http://172.25.50.55/account/login.aspx and loging in with incorrect credentails]]>
    </line>
    <line>
      <![CDATA[Step 2 = Verify the validation message displayed]]>
    </line>
    <line>
      <![CDATA[Step 1 = Login to application]]>
    </line>
    <line>
      <![CDATA[Step 2 = Verify that user is logged in or not]]>
    </line>
    <line>
      <![CDATA[Step 3 = Click on change password link and performing change password]]>
    </line>
    <line>
      <![CDATA[Step 4 = Click on logout, and login as new password]]>
    </line>
    <line>
      <![CDATA[Step 6 = Click on change password and reverting to original password]]>
    </line>
    <line>
      <![CDATA[Step 7 = Verify that user is logged in or not]]>
    </line>
  </reporter-output>
  <suite name="Default suite" duration-ms="45755" started-at="2019-12-04T10:04:31Z" finished-at="2019-12-04T10:05:17Z">
    <groups>
    </groups>
    <test name="Default test" duration-ms="45755" started-at="2019-12-04T10:04:31Z" finished-at="2019-12-04T10:05:17Z">
      <class name="AER.FMDP_Automation.tests.login.LoginTests">
        <test-method status="PASS" signature="setUp(java.lang.String, java.lang.String)[pri:0, instance:AER.FMDP_Automation.tests.login.LoginTests@9597028]" name="setUp" is-config="true" duration-ms="13102" started-at="2019-12-04T10:04:31Z" finished-at="2019-12-04T10:04:45Z">
          <params>
            <param index="0">
              <value>
                <![CDATA[local]]>
              </value>
            </param>
            <param index="1">
              <value>
                <![CDATA[chrome]]>
              </value>
            </param>
          </params>
          <reporter-output>
          </reporter-output>
        </test-method> <!-- setUp -->
        <test-method status="PASS" signature="beforeMethod()[pri:0, instance:AER.FMDP_Automation.tests.login.LoginTests@9597028]" name="beforeMethod" is-config="true" duration-ms="4" started-at="2019-12-04T10:04:45Z" finished-at="2019-12-04T10:04:45Z">
          <reporter-output>
          </reporter-output>
        </test-method> <!-- beforeMethod -->
        <test-method status="PASS" signature="login_Failure()[pri:1, instance:AER.FMDP_Automation.tests.login.LoginTests@9597028]" name="login_Failure" duration-ms="3028" started-at="2019-12-04T10:04:45Z" description="Invalid Login Scenario with wrong username and password." finished-at="2019-12-04T10:04:48Z">
          <reporter-output>
            <line>
              <![CDATA[Step 1 = Login to application at : http://172.25.50.55/account/login.aspx and loging in with incorrect credentails]]>
            </line>
            <line>
              <![CDATA[Step 2 = Verify the validation message displayed]]>
            </line>
          </reporter-output>
        </test-method> <!-- login_Failure -->
        <test-method status="PASS" signature="beforeMethod()[pri:0, instance:AER.FMDP_Automation.tests.login.LoginTests@9597028]" name="beforeMethod" is-config="true" duration-ms="1" started-at="2019-12-04T10:04:48Z" finished-at="2019-12-04T10:04:48Z">
          <reporter-output>
          </reporter-output>
        </test-method> <!-- beforeMethod -->
        <test-method status="PASS" signature="login_ChangePassword()[pri:2, instance:AER.FMDP_Automation.tests.login.LoginTests@9597028]" name="login_ChangePassword" duration-ms="28047" started-at="2019-12-04T10:04:48Z" finished-at="2019-12-04T10:05:16Z">
          <reporter-output>
            <line>
              <![CDATA[Step 1 = Login to application]]>
            </line>
            <line>
              <![CDATA[Step 2 = Verify that user is logged in or not]]>
            </line>
            <line>
              <![CDATA[Step 3 = Click on change password link and performing change password]]>
            </line>
            <line>
              <![CDATA[Step 4 = Click on logout, and login as new password]]>
            </line>
            <line>
              <![CDATA[Step 6 = Click on change password and reverting to original password]]>
            </line>
            <line>
              <![CDATA[Step 7 = Verify that user is logged in or not]]>
            </line>
          </reporter-output>
        </test-method> <!-- login_ChangePassword -->
        <test-method status="PASS" signature="tearDown()[pri:0, instance:AER.FMDP_Automation.tests.login.LoginTests@9597028]" name="tearDown" is-config="true" duration-ms="958" started-at="2019-12-04T10:05:16Z" finished-at="2019-12-04T10:05:17Z">
          <reporter-output>
          </reporter-output>
        </test-method> <!-- tearDown -->
      </class> <!-- AER.FMDP_Automation.tests.login.LoginTests -->
    </test> <!-- Default test -->
  </suite> <!-- Default suite -->
</testng-results>
